<?xml version="1.0" encoding="UTF-8"?>
<testng-results ignored="0" total="4" passed="4" failed="0" skipped="0">
  <reporter-output>
  </reporter-output>
  <suite started-at="2024-12-17T20:46:46 IST" name="Default suite" finished-at="2024-12-17T20:46:47 IST" duration-ms="931">
    <groups>
      <group name="cucumber">
        <method signature="AbstractTestNGCucumberTests.runScenario(io.cucumber.testng.PickleWrapper,io.cucumber.testng.FeatureWrapper)[pri:0, instance:CucumberOptions.TestNGRunner@399c4be1]" name="runScenario" class="io.cucumber.testng.AbstractTestNGCucumberTests"/>
      </group> <!-- cucumber -->
    </groups>
    <test started-at="2024-12-17T20:46:46 IST" name="Default test" finished-at="2024-12-17T20:46:47 IST" duration-ms="931">
      <class name="CucumberOptions.TestNGRunner">
        <test-method is-config="true" signature="setUpClass(org.testng.ITestContext)[pri:0, instance:CucumberOptions.TestNGRunner@399c4be1]" started-at="2024-12-17T20:46:46 IST" name="setUpClass" finished-at="2024-12-17T20:46:47 IST" duration-ms="619" status="PASS">
          <params>
            <param index="0">
              <value>
                <![CDATA[org.testng.TestRunner@6a078481]]>
              </value>
            </param>
          </params>
          <reporter-output>
          </reporter-output>
        </test-method> <!-- setUpClass -->
        <test-method signature="runScenario(io.cucumber.testng.PickleWrapper,io.cucumber.testng.FeatureWrapper)[pri:0, instance:CucumberOptions.TestNGRunner@399c4be1]" started-at="2024-12-17T20:46:47 IST" name="runScenario" description="Runs Cucumber Scenarios" data-provider="scenarios" finished-at="2024-12-17T20:46:47 IST" duration-ms="142" status="PASS">
          <params>
            <param index="0">
              <value>
                <![CDATA["Login with valid credential"]]>
              </value>
            </param>
            <param index="1">
              <value>
                <![CDATA["Login to the application."]]>
              </value>
            </param>
          </params>
          <reporter-output>
          </reporter-output>
        </test-method> <!-- runScenario -->
        <test-method signature="runScenario(io.cucumber.testng.PickleWrapper,io.cucumber.testng.FeatureWrapper)[pri:0, instance:CucumberOptions.TestNGRunner@399c4be1]" started-at="2024-12-17T20:46:47 IST" name="runScenario" description="Runs Cucumber Scenarios" data-provider="scenarios" finished-at="2024-12-17T20:46:47 IST" duration-ms="16" status="PASS">
          <params>
            <param index="0">
              <value>
                <![CDATA["Login with invalid credential"]]>
              </value>
            </param>
            <param index="1">
              <value>
                <![CDATA["Login to the application."]]>
              </value>
            </param>
          </params>
          <reporter-output>
          </reporter-output>
        </test-method> <!-- runScenario -->
        <test-method signature="runScenario(io.cucumber.testng.PickleWrapper,io.cucumber.testng.FeatureWrapper)[pri:0, instance:CucumberOptions.TestNGRunner@399c4be1]" started-at="2024-12-17T20:46:47 IST" name="runScenario" description="Runs Cucumber Scenarios" data-provider="scenarios" finished-at="2024-12-17T20:46:47 IST" duration-ms="22" status="PASS">
          <params>
            <param index="0">
              <value>
                <![CDATA["Login with invalid credential"]]>
              </value>
            </param>
            <param index="1">
              <value>
                <![CDATA["Login to the application."]]>
              </value>
            </param>
          </params>
          <reporter-output>
          </reporter-output>
        </test-method> <!-- runScenario -->
        <test-method signature="runScenario(io.cucumber.testng.PickleWrapper,io.cucumber.testng.FeatureWrapper)[pri:0, instance:CucumberOptions.TestNGRunner@399c4be1]" started-at="2024-12-17T20:46:47 IST" name="runScenario" description="Runs Cucumber Scenarios" data-provider="scenarios" finished-at="2024-12-17T20:46:47 IST" duration-ms="22" status="PASS">
          <params>
            <param index="0">
              <value>
                <![CDATA["Signup"]]>
              </value>
            </param>
            <param index="1">
              <value>
                <![CDATA["Login to the application."]]>
              </value>
            </param>
          </params>
          <reporter-output>
          </reporter-output>
        </test-method> <!-- runScenario -->
        <test-method is-config="true" signature="tearDownClass()[pri:0, instance:CucumberOptions.TestNGRunner@399c4be1]" started-at="2024-12-17T20:46:47 IST" name="tearDownClass" finished-at="2024-12-17T20:46:47 IST" duration-ms="41" status="PASS">
          <reporter-output>
          </reporter-output>
        </test-method> <!-- tearDownClass -->
      </class> <!-- CucumberOptions.TestNGRunner -->
    </test> <!-- Default test -->
  </suite> <!-- Default suite -->
</testng-results>
